{"D:\\myblog\\index.js":{"path":"D:\\myblog\\index.js","s":{"1":1,"2":1,"3":1,"4":1,"5":1,"6":1,"7":1,"8":1,"9":1,"10":1,"11":1,"12":1,"13":1,"14":1,"15":1,"16":1,"17":1,"18":1,"19":1,"20":8,"21":8,"22":8,"23":8,"24":1,"25":1,"26":1,"27":1,"28":0,"29":1,"30":1,"31":0,"32":0},"b":{"1":[1,0]},"f":{"1":8,"2":0,"3":0},"fnMap":{"1":{"name":"(anonymous_1)","line":55,"loc":{"start":{"line":55,"column":8},"end":{"line":55,"column":34}}},"2":{"name":"(anonymous_2)","line":88,"loc":{"start":{"line":88,"column":8},"end":{"line":88,"column":39}}},"3":{"name":"(anonymous_3)","line":99,"loc":{"start":{"line":99,"column":26},"end":{"line":99,"column":38}}}},"statementMap":{"1":{"start":{"line":8,"column":0},"end":{"line":8,"column":27}},"2":{"start":{"line":9,"column":0},"end":{"line":9,"column":33}},"3":{"start":{"line":10,"column":0},"end":{"line":10,"column":41}},"4":{"start":{"line":11,"column":0},"end":{"line":11,"column":51}},"5":{"start":{"line":12,"column":0},"end":{"line":12,"column":37}},"6":{"start":{"line":13,"column":0},"end":{"line":13,"column":36}},"7":{"start":{"line":14,"column":0},"end":{"line":14,"column":33}},"8":{"start":{"line":15,"column":0},"end":{"line":15,"column":31}},"9":{"start":{"line":16,"column":0},"end":{"line":16,"column":33}},"10":{"start":{"line":17,"column":0},"end":{"line":17,"column":48}},"11":{"start":{"line":19,"column":0},"end":{"line":19,"column":20}},"12":{"start":{"line":22,"column":0},"end":{"line":22,"column":48}},"13":{"start":{"line":24,"column":0},"end":{"line":24,"column":30}},"14":{"start":{"line":27,"column":0},"end":{"line":27,"column":56}},"15":{"start":{"line":29,"column":0},"end":{"line":40,"column":4}},"16":{"start":{"line":43,"column":0},"end":{"line":43,"column":17}},"17":{"start":{"line":45,"column":0},"end":{"line":48,"column":4}},"18":{"start":{"line":50,"column":0},"end":{"line":53,"column":2}},"19":{"start":{"line":55,"column":0},"end":{"line":60,"column":3}},"20":{"start":{"line":56,"column":2},"end":{"line":56,"column":37}},"21":{"start":{"line":57,"column":2},"end":{"line":57,"column":55}},"22":{"start":{"line":58,"column":2},"end":{"line":58,"column":51}},"23":{"start":{"line":59,"column":2},"end":{"line":59,"column":9}},"24":{"start":{"line":62,"column":0},"end":{"line":72,"column":4}},"25":{"start":{"line":74,"column":0},"end":{"line":74,"column":12}},"26":{"start":{"line":76,"column":0},"end":{"line":86,"column":4}},"27":{"start":{"line":88,"column":0},"end":{"line":92,"column":3}},"28":{"start":{"line":89,"column":2},"end":{"line":91,"column":5}},"29":{"start":{"line":95,"column":0},"end":{"line":102,"column":1}},"30":{"start":{"line":96,"column":2},"end":{"line":96,"column":23}},"31":{"start":{"line":99,"column":2},"end":{"line":101,"column":5}},"32":{"start":{"line":100,"column":4},"end":{"line":100,"column":64}}},"branchMap":{"1":{"line":95,"type":"if","locations":[{"start":{"line":95,"column":0},"end":{"line":95,"column":0}},{"start":{"line":95,"column":0},"end":{"line":95,"column":0}}]}}},"D:\\myblog\\config\\default.js":{"path":"D:\\myblog\\config\\default.js","s":{"1":1},"b":{},"f":{},"fnMap":{},"statementMap":{"1":{"start":{"line":8,"column":0},"end":{"line":16,"column":2}}},"branchMap":{}},"D:\\myblog\\routes\\index.js":{"path":"D:\\myblog\\routes\\index.js","s":{"1":1,"2":1,"3":0,"4":1,"5":1,"6":1,"7":1,"8":1,"9":7,"10":0},"b":{"1":[0,7]},"f":{"1":1,"2":0,"3":7},"fnMap":{"1":{"name":"(anonymous_1)","line":8,"loc":{"start":{"line":8,"column":17},"end":{"line":8,"column":32}}},"2":{"name":"(anonymous_2)","line":9,"loc":{"start":{"line":9,"column":15},"end":{"line":9,"column":35}}},"3":{"name":"(anonymous_3)","line":17,"loc":{"start":{"line":17,"column":10},"end":{"line":17,"column":30}}}},"statementMap":{"1":{"start":{"line":8,"column":0},"end":{"line":22,"column":2}},"2":{"start":{"line":9,"column":2},"end":{"line":11,"column":5}},"3":{"start":{"line":10,"column":4},"end":{"line":10,"column":27}},"4":{"start":{"line":12,"column":2},"end":{"line":12,"column":42}},"5":{"start":{"line":13,"column":2},"end":{"line":13,"column":42}},"6":{"start":{"line":14,"column":2},"end":{"line":14,"column":44}},"7":{"start":{"line":15,"column":2},"end":{"line":15,"column":40}},"8":{"start":{"line":17,"column":2},"end":{"line":21,"column":3}},"9":{"start":{"line":18,"column":3},"end":{"line":20,"column":4}},"10":{"start":{"line":19,"column":5},"end":{"line":19,"column":35}}},"branchMap":{"1":{"line":18,"type":"if","locations":[{"start":{"line":18,"column":3},"end":{"line":18,"column":3}},{"start":{"line":18,"column":3},"end":{"line":18,"column":3}}]}}},"D:\\myblog\\routes\\signup.js":{"path":"D:\\myblog\\routes\\signup.js","s":{"1":1,"2":1,"3":1,"4":1,"5":1,"6":1,"7":1,"8":1,"9":3,"10":1,"11":4,"12":4,"13":4,"14":4,"15":4,"16":4,"17":4,"18":4,"19":1,"20":3,"21":1,"22":2,"23":0,"24":2,"25":0,"26":2,"27":0,"28":2,"29":0,"30":2,"31":2,"32":2,"33":2,"34":2,"35":2,"36":1,"37":1,"38":1,"39":1,"40":1,"41":1,"42":1,"43":1,"44":1,"45":0,"46":1},"b":{"1":[1,3],"2":[4,3],"3":[1,2],"4":[0,2],"5":[2,2],"6":[0,2],"7":[0,2],"8":[0,2],"9":[1,0]},"f":{"1":3,"2":4,"3":1,"4":1},"fnMap":{"1":{"name":"(anonymous_1)","line":18,"loc":{"start":{"line":18,"column":31},"end":{"line":18,"column":56}}},"2":{"name":"(anonymous_2)","line":23,"loc":{"start":{"line":23,"column":32},"end":{"line":23,"column":57}}},"3":{"name":"(anonymous_3)","line":71,"loc":{"start":{"line":71,"column":10},"end":{"line":71,"column":28}}},"4":{"name":"(anonymous_4)","line":82,"loc":{"start":{"line":82,"column":11},"end":{"line":82,"column":24}}}},"statementMap":{"1":{"start":{"line":8,"column":0},"end":{"line":8,"column":23}},"2":{"start":{"line":9,"column":0},"end":{"line":9,"column":27}},"3":{"start":{"line":10,"column":0},"end":{"line":10,"column":27}},"4":{"start":{"line":11,"column":0},"end":{"line":11,"column":33}},"5":{"start":{"line":12,"column":0},"end":{"line":12,"column":30}},"6":{"start":{"line":14,"column":0},"end":{"line":14,"column":43}},"7":{"start":{"line":15,"column":0},"end":{"line":15,"column":66}},"8":{"start":{"line":18,"column":0},"end":{"line":20,"column":3}},"9":{"start":{"line":19,"column":2},"end":{"line":19,"column":23}},"10":{"start":{"line":23,"column":0},"end":{"line":92,"column":3}},"11":{"start":{"line":24,"column":2},"end":{"line":24,"column":29}},"12":{"start":{"line":25,"column":2},"end":{"line":25,"column":33}},"13":{"start":{"line":26,"column":2},"end":{"line":26,"column":27}},"14":{"start":{"line":27,"column":2},"end":{"line":27,"column":59}},"15":{"start":{"line":28,"column":2},"end":{"line":28,"column":37}},"16":{"start":{"line":29,"column":2},"end":{"line":29,"column":41}},"17":{"start":{"line":32,"column":2},"end":{"line":56,"column":3}},"18":{"start":{"line":33,"column":4},"end":{"line":35,"column":5}},"19":{"start":{"line":34,"column":6},"end":{"line":34,"column":41}},"20":{"start":{"line":36,"column":4},"end":{"line":38,"column":5}},"21":{"start":{"line":37,"column":6},"end":{"line":37,"column":39}},"22":{"start":{"line":39,"column":4},"end":{"line":41,"column":5}},"23":{"start":{"line":40,"column":6},"end":{"line":40,"column":43}},"24":{"start":{"line":42,"column":4},"end":{"line":44,"column":5}},"25":{"start":{"line":43,"column":6},"end":{"line":43,"column":30}},"26":{"start":{"line":45,"column":4},"end":{"line":47,"column":5}},"27":{"start":{"line":46,"column":6},"end":{"line":46,"column":36}},"28":{"start":{"line":48,"column":4},"end":{"line":50,"column":5}},"29":{"start":{"line":49,"column":6},"end":{"line":49,"column":35}},"30":{"start":{"line":53,"column":4},"end":{"line":53,"column":37}},"31":{"start":{"line":54,"column":4},"end":{"line":54,"column":34}},"32":{"start":{"line":55,"column":4},"end":{"line":55,"column":35}},"33":{"start":{"line":59,"column":2},"end":{"line":59,"column":28}},"34":{"start":{"line":62,"column":2},"end":{"line":68,"column":4}},"35":{"start":{"line":70,"column":2},"end":{"line":91,"column":7}},"36":{"start":{"line":73,"column":6},"end":{"line":73,"column":27}},"37":{"start":{"line":75,"column":6},"end":{"line":75,"column":27}},"38":{"start":{"line":76,"column":6},"end":{"line":76,"column":30}},"39":{"start":{"line":78,"column":6},"end":{"line":78,"column":35}},"40":{"start":{"line":80,"column":6},"end":{"line":80,"column":29}},"41":{"start":{"line":84,"column":6},"end":{"line":84,"column":39}},"42":{"start":{"line":86,"column":6},"end":{"line":89,"column":7}},"43":{"start":{"line":87,"column":8},"end":{"line":87,"column":38}},"44":{"start":{"line":88,"column":8},"end":{"line":88,"column":39}},"45":{"start":{"line":90,"column":6},"end":{"line":90,"column":14}},"46":{"start":{"line":94,"column":0},"end":{"line":94,"column":24}}},"branchMap":{"1":{"line":33,"type":"if","locations":[{"start":{"line":33,"column":4},"end":{"line":33,"column":4}},{"start":{"line":33,"column":4},"end":{"line":33,"column":4}}]},"2":{"line":33,"type":"binary-expr","locations":[{"start":{"line":33,"column":10},"end":{"line":33,"column":26}},{"start":{"line":33,"column":30},"end":{"line":33,"column":47}}]},"3":{"line":36,"type":"if","locations":[{"start":{"line":36,"column":4},"end":{"line":36,"column":4}},{"start":{"line":36,"column":4},"end":{"line":36,"column":4}}]},"4":{"line":39,"type":"if","locations":[{"start":{"line":39,"column":4},"end":{"line":39,"column":4}},{"start":{"line":39,"column":4},"end":{"line":39,"column":4}}]},"5":{"line":39,"type":"binary-expr","locations":[{"start":{"line":39,"column":10},"end":{"line":39,"column":25}},{"start":{"line":39,"column":29},"end":{"line":39,"column":45}}]},"6":{"line":42,"type":"if","locations":[{"start":{"line":42,"column":4},"end":{"line":42,"column":4}},{"start":{"line":42,"column":4},"end":{"line":42,"column":4}}]},"7":{"line":45,"type":"if","locations":[{"start":{"line":45,"column":4},"end":{"line":45,"column":4}},{"start":{"line":45,"column":4},"end":{"line":45,"column":4}}]},"8":{"line":48,"type":"if","locations":[{"start":{"line":48,"column":4},"end":{"line":48,"column":4}},{"start":{"line":48,"column":4},"end":{"line":48,"column":4}}]},"9":{"line":86,"type":"if","locations":[{"start":{"line":86,"column":6},"end":{"line":86,"column":6}},{"start":{"line":86,"column":6},"end":{"line":86,"column":6}}]}}},"D:\\myblog\\models\\users.js":{"path":"D:\\myblog\\models\\users.js","s":{"1":1,"2":1,"3":2,"4":0},"b":{},"f":{"1":2,"2":0},"fnMap":{"1":{"name":"create","line":12,"loc":{"start":{"line":12,"column":10},"end":{"line":12,"column":32}}},"2":{"name":"getUserByName","line":16,"loc":{"start":{"line":16,"column":17},"end":{"line":16,"column":46}}}},"statementMap":{"1":{"start":{"line":8,"column":0},"end":{"line":8,"column":40}},"2":{"start":{"line":10,"column":0},"end":{"line":22,"column":2}},"3":{"start":{"line":13,"column":4},"end":{"line":13,"column":36}},"4":{"start":{"line":17,"column":4},"end":{"line":20,"column":14}}},"branchMap":{}},"D:\\myblog\\lib\\mongo.js":{"path":"D:\\myblog\\lib\\mongo.js","s":{"1":1,"2":1,"3":1,"4":1,"5":1,"6":1,"7":1,"8":1,"9":1,"10":1,"11":1,"12":1,"13":0,"14":0,"15":0,"16":1,"17":1,"18":1,"19":1,"20":1},"b":{"1":[0,0]},"f":{"1":1,"2":1,"3":0},"fnMap":{"1":{"name":"(anonymous_1)","line":24,"loc":{"start":{"line":24,"column":13},"end":{"line":24,"column":32}}},"2":{"name":"(anonymous_2)","line":25,"loc":{"start":{"line":25,"column":20},"end":{"line":25,"column":36}}},"3":{"name":"(anonymous_3)","line":30,"loc":{"start":{"line":30,"column":16},"end":{"line":30,"column":34}}}},"statementMap":{"1":{"start":{"line":8,"column":0},"end":{"line":8,"column":36}},"2":{"start":{"line":9,"column":0},"end":{"line":9,"column":37}},"3":{"start":{"line":10,"column":0},"end":{"line":10,"column":32}},"4":{"start":{"line":11,"column":0},"end":{"line":11,"column":31}},"5":{"start":{"line":12,"column":0},"end":{"line":12,"column":59}},"6":{"start":{"line":13,"column":0},"end":{"line":13,"column":34}},"7":{"start":{"line":14,"column":0},"end":{"line":20,"column":3}},"8":{"start":{"line":21,"column":0},"end":{"line":21,"column":57}},"9":{"start":{"line":23,"column":0},"end":{"line":36,"column":3}},"10":{"start":{"line":25,"column":4},"end":{"line":27,"column":7}},"11":{"start":{"line":26,"column":6},"end":{"line":26,"column":89}},"12":{"start":{"line":28,"column":4},"end":{"line":28,"column":19}},"13":{"start":{"line":31,"column":4},"end":{"line":33,"column":5}},"14":{"start":{"line":32,"column":6},"end":{"line":32,"column":93}},"15":{"start":{"line":34,"column":4},"end":{"line":34,"column":18}},"16":{"start":{"line":37,"column":0},"end":{"line":42,"column":3}},"17":{"start":{"line":43,"column":0},"end":{"line":43,"column":50}},"18":{"start":{"line":44,"column":0},"end":{"line":48,"column":3}},"19":{"start":{"line":49,"column":0},"end":{"line":49,"column":52}},"20":{"start":{"line":50,"column":0},"end":{"line":50,"column":52}}},"branchMap":{"1":{"line":31,"type":"if","locations":[{"start":{"line":31,"column":4},"end":{"line":31,"column":4}},{"start":{"line":31,"column":4},"end":{"line":31,"column":4}}]}}},"D:\\myblog\\middlewares\\check.js":{"path":"D:\\myblog\\middlewares\\check.js","s":{"1":1,"2":0,"3":0,"4":0,"5":0,"6":7,"7":0,"8":0,"9":7},"b":{"1":[0,0],"2":[0,7]},"f":{"1":0,"2":7},"fnMap":{"1":{"name":"checkLogin","line":9,"loc":{"start":{"line":9,"column":14},"end":{"line":9,"column":50}}},"2":{"name":"checkNotLogin","line":17,"loc":{"start":{"line":17,"column":17},"end":{"line":17,"column":56}}}},"statementMap":{"1":{"start":{"line":8,"column":0},"end":{"line":24,"column":2}},"2":{"start":{"line":10,"column":4},"end":{"line":13,"column":5}},"3":{"start":{"line":11,"column":6},"end":{"line":11,"column":32}},"4":{"start":{"line":12,"column":6},"end":{"line":12,"column":37}},"5":{"start":{"line":14,"column":4},"end":{"line":14,"column":11}},"6":{"start":{"line":18,"column":4},"end":{"line":21,"column":5}},"7":{"start":{"line":19,"column":6},"end":{"line":19,"column":32}},"8":{"start":{"line":20,"column":6},"end":{"line":20,"column":34}},"9":{"start":{"line":22,"column":4},"end":{"line":22,"column":11}}},"branchMap":{"1":{"line":10,"type":"if","locations":[{"start":{"line":10,"column":4},"end":{"line":10,"column":4}},{"start":{"line":10,"column":4},"end":{"line":10,"column":4}}]},"2":{"line":18,"type":"if","locations":[{"start":{"line":18,"column":4},"end":{"line":18,"column":4}},{"start":{"line":18,"column":4},"end":{"line":18,"column":4}}]}}},"D:\\myblog\\routes\\signin.js":{"path":"D:\\myblog\\routes\\signin.js","s":{"1":1,"2":1,"3":1,"4":1,"5":1,"6":1,"7":0,"8":1,"9":0,"10":0,"11":0,"12":0,"13":0,"14":0,"15":0,"16":0,"17":0,"18":0,"19":0,"20":0,"21":0,"22":1},"b":{"1":[0,0],"2":[0,0]},"f":{"1":0,"2":0,"3":0},"fnMap":{"1":{"name":"(anonymous_1)","line":16,"loc":{"start":{"line":16,"column":31},"end":{"line":16,"column":56}}},"2":{"name":"(anonymous_2)","line":21,"loc":{"start":{"line":21,"column":32},"end":{"line":21,"column":57}}},"3":{"name":"(anonymous_3)","line":26,"loc":{"start":{"line":26,"column":10},"end":{"line":26,"column":26}}}},"statementMap":{"1":{"start":{"line":8,"column":0},"end":{"line":8,"column":27}},"2":{"start":{"line":9,"column":0},"end":{"line":9,"column":33}},"3":{"start":{"line":10,"column":0},"end":{"line":10,"column":30}},"4":{"start":{"line":12,"column":0},"end":{"line":12,"column":43}},"5":{"start":{"line":13,"column":0},"end":{"line":13,"column":66}},"6":{"start":{"line":16,"column":0},"end":{"line":18,"column":3}},"7":{"start":{"line":17,"column":2},"end":{"line":17,"column":23}},"8":{"start":{"line":21,"column":0},"end":{"line":44,"column":3}},"9":{"start":{"line":22,"column":2},"end":{"line":22,"column":29}},"10":{"start":{"line":23,"column":2},"end":{"line":23,"column":37}},"11":{"start":{"line":25,"column":2},"end":{"line":43,"column":17}},"12":{"start":{"line":27,"column":6},"end":{"line":30,"column":7}},"13":{"start":{"line":28,"column":8},"end":{"line":28,"column":36}},"14":{"start":{"line":29,"column":8},"end":{"line":29,"column":36}},"15":{"start":{"line":32,"column":6},"end":{"line":35,"column":7}},"16":{"start":{"line":33,"column":8},"end":{"line":33,"column":39}},"17":{"start":{"line":34,"column":8},"end":{"line":34,"column":36}},"18":{"start":{"line":36,"column":6},"end":{"line":36,"column":35}},"19":{"start":{"line":38,"column":6},"end":{"line":38,"column":27}},"20":{"start":{"line":39,"column":6},"end":{"line":39,"column":30}},"21":{"start":{"line":41,"column":6},"end":{"line":41,"column":29}},"22":{"start":{"line":46,"column":0},"end":{"line":46,"column":24}}},"branchMap":{"1":{"line":27,"type":"if","locations":[{"start":{"line":27,"column":6},"end":{"line":27,"column":6}},{"start":{"line":27,"column":6},"end":{"line":27,"column":6}}]},"2":{"line":32,"type":"if","locations":[{"start":{"line":32,"column":6},"end":{"line":32,"column":6}},{"start":{"line":32,"column":6},"end":{"line":32,"column":6}}]}}},"D:\\myblog\\routes\\signout.js":{"path":"D:\\myblog\\routes\\signout.js","s":{"1":1,"2":1,"3":1,"4":1,"5":0,"6":0,"7":0,"8":1},"b":{},"f":{"1":0},"fnMap":{"1":{"name":"(anonymous_1)","line":14,"loc":{"start":{"line":14,"column":28},"end":{"line":14,"column":53}}}},"statementMap":{"1":{"start":{"line":8,"column":0},"end":{"line":8,"column":33}},"2":{"start":{"line":9,"column":0},"end":{"line":9,"column":30}},"3":{"start":{"line":11,"column":0},"end":{"line":11,"column":60}},"4":{"start":{"line":14,"column":0},"end":{"line":20,"column":3}},"5":{"start":{"line":16,"column":2},"end":{"line":16,"column":26}},"6":{"start":{"line":17,"column":2},"end":{"line":17,"column":31}},"7":{"start":{"line":19,"column":2},"end":{"line":19,"column":25}},"8":{"start":{"line":22,"column":0},"end":{"line":22,"column":24}}},"branchMap":{}},"D:\\myblog\\routes\\posts.js":{"path":"D:\\myblog\\routes\\posts.js","s":{"1":1,"2":1,"3":1,"4":1,"5":1,"6":1,"7":1,"8":1,"9":1,"10":1,"11":0,"12":0,"13":0,"14":0,"15":0,"16":0,"17":0,"18":0,"19":0,"20":0,"21":0,"22":0,"23":0,"24":0,"25":0,"26":1,"27":0,"28":1,"29":0,"30":0,"31":0,"32":0,"33":0,"34":0,"35":0,"36":1,"37":0,"38":0,"39":0,"40":0,"41":0,"42":0,"43":0,"44":0,"45":1,"46":0,"47":0,"48":0,"49":0,"50":0,"51":0,"52":0,"53":1,"54":0,"55":0,"56":0,"57":0,"58":0,"59":1,"60":0,"61":0,"62":0,"63":0,"64":0,"65":0,"66":0,"67":1,"68":0,"69":0,"70":0,"71":0,"72":0,"73":1},"b":{"1":[0,0],"2":[0,0],"3":[0,0],"4":[0,0],"5":[0,0]},"f":{"1":1,"2":1,"3":0,"4":0,"5":0,"6":0,"7":0,"8":0,"9":0,"10":0,"11":0,"12":0,"13":0,"14":0,"15":0,"16":0,"17":0},"fnMap":{"1":{"name":"(anonymous_1)","line":17,"loc":{"start":{"line":17,"column":16},"end":{"line":17,"column":41}}},"2":{"name":"(anonymous_2)","line":21,"loc":{"start":{"line":21,"column":10},"end":{"line":21,"column":27}}},"3":{"name":"(anonymous_3)","line":30,"loc":{"start":{"line":30,"column":29},"end":{"line":30,"column":54}}},"4":{"name":"(anonymous_4)","line":56,"loc":{"start":{"line":56,"column":10},"end":{"line":56,"column":28}}},"5":{"name":"(anonymous_5)","line":67,"loc":{"start":{"line":67,"column":34},"end":{"line":67,"column":59}}},"6":{"name":"(anonymous_6)","line":72,"loc":{"start":{"line":72,"column":23},"end":{"line":72,"column":48}}},"7":{"name":"(anonymous_7)","line":80,"loc":{"start":{"line":80,"column":8},"end":{"line":80,"column":26}}},"8":{"name":"(anonymous_8)","line":96,"loc":{"start":{"line":96,"column":40},"end":{"line":96,"column":65}}},"9":{"name":"(anonymous_9)","line":101,"loc":{"start":{"line":101,"column":10},"end":{"line":101,"column":26}}},"10":{"name":"(anonymous_10)","line":116,"loc":{"start":{"line":116,"column":41},"end":{"line":116,"column":66}}},"11":{"name":"(anonymous_11)","line":123,"loc":{"start":{"line":123,"column":10},"end":{"line":123,"column":22}}},"12":{"name":"(anonymous_12)","line":131,"loc":{"start":{"line":131,"column":42},"end":{"line":131,"column":67}}},"13":{"name":"(anonymous_13)","line":136,"loc":{"start":{"line":136,"column":10},"end":{"line":136,"column":22}}},"14":{"name":"(anonymous_14)","line":145,"loc":{"start":{"line":145,"column":44},"end":{"line":145,"column":69}}},"15":{"name":"(anonymous_15)","line":156,"loc":{"start":{"line":156,"column":10},"end":{"line":156,"column":22}}},"16":{"name":"(anonymous_16)","line":165,"loc":{"start":{"line":165,"column":61},"end":{"line":165,"column":86}}},"17":{"name":"(anonymous_17)","line":170,"loc":{"start":{"line":170,"column":10},"end":{"line":170,"column":22}}}},"statementMap":{"1":{"start":{"line":8,"column":0},"end":{"line":8,"column":33}},"2":{"start":{"line":9,"column":0},"end":{"line":9,"column":30}},"3":{"start":{"line":11,"column":0},"end":{"line":11,"column":60}},"4":{"start":{"line":12,"column":0},"end":{"line":12,"column":43}},"5":{"start":{"line":13,"column":0},"end":{"line":13,"column":49}},"6":{"start":{"line":17,"column":0},"end":{"line":27,"column":3}},"7":{"start":{"line":18,"column":2},"end":{"line":18,"column":32}},"8":{"start":{"line":20,"column":2},"end":{"line":26,"column":17}},"9":{"start":{"line":22,"column":6},"end":{"line":24,"column":9}},"10":{"start":{"line":30,"column":0},"end":{"line":64,"column":3}},"11":{"start":{"line":31,"column":2},"end":{"line":31,"column":36}},"12":{"start":{"line":32,"column":2},"end":{"line":32,"column":31}},"13":{"start":{"line":33,"column":2},"end":{"line":33,"column":35}},"14":{"start":{"line":36,"column":2},"end":{"line":46,"column":3}},"15":{"start":{"line":37,"column":4},"end":{"line":39,"column":5}},"16":{"start":{"line":38,"column":6},"end":{"line":38,"column":31}},"17":{"start":{"line":40,"column":4},"end":{"line":42,"column":5}},"18":{"start":{"line":41,"column":6},"end":{"line":41,"column":31}},"19":{"start":{"line":44,"column":4},"end":{"line":44,"column":34}},"20":{"start":{"line":45,"column":4},"end":{"line":45,"column":32}},"21":{"start":{"line":48,"column":2},"end":{"line":53,"column":4}},"22":{"start":{"line":55,"column":2},"end":{"line":63,"column":17}},"23":{"start":{"line":58,"column":6},"end":{"line":58,"column":27}},"24":{"start":{"line":59,"column":6},"end":{"line":59,"column":35}},"25":{"start":{"line":61,"column":6},"end":{"line":61,"column":41}},"26":{"start":{"line":67,"column":0},"end":{"line":69,"column":3}},"27":{"start":{"line":68,"column":2},"end":{"line":68,"column":23}},"28":{"start":{"line":72,"column":0},"end":{"line":93,"column":3}},"29":{"start":{"line":73,"column":2},"end":{"line":73,"column":33}},"30":{"start":{"line":75,"column":2},"end":{"line":92,"column":15}},"31":{"start":{"line":81,"column":4},"end":{"line":81,"column":25}},"32":{"start":{"line":82,"column":4},"end":{"line":82,"column":29}},"33":{"start":{"line":83,"column":4},"end":{"line":85,"column":5}},"34":{"start":{"line":84,"column":6},"end":{"line":84,"column":32}},"35":{"start":{"line":87,"column":4},"end":{"line":90,"column":7}},"36":{"start":{"line":96,"column":0},"end":{"line":113,"column":3}},"37":{"start":{"line":97,"column":2},"end":{"line":97,"column":33}},"38":{"start":{"line":98,"column":2},"end":{"line":98,"column":36}},"39":{"start":{"line":100,"column":2},"end":{"line":112,"column":17}},"40":{"start":{"line":102,"column":6},"end":{"line":104,"column":7}},"41":{"start":{"line":103,"column":8},"end":{"line":103,"column":34}},"42":{"start":{"line":105,"column":6},"end":{"line":107,"column":7}},"43":{"start":{"line":106,"column":8},"end":{"line":106,"column":32}},"44":{"start":{"line":108,"column":6},"end":{"line":110,"column":9}},"45":{"start":{"line":116,"column":0},"end":{"line":129,"column":3}},"46":{"start":{"line":117,"column":2},"end":{"line":117,"column":33}},"47":{"start":{"line":118,"column":2},"end":{"line":118,"column":36}},"48":{"start":{"line":119,"column":2},"end":{"line":119,"column":31}},"49":{"start":{"line":120,"column":2},"end":{"line":120,"column":35}},"50":{"start":{"line":122,"column":2},"end":{"line":128,"column":17}},"51":{"start":{"line":124,"column":6},"end":{"line":124,"column":37}},"52":{"start":{"line":126,"column":6},"end":{"line":126,"column":39}},"53":{"start":{"line":131,"column":0},"end":{"line":142,"column":3}},"54":{"start":{"line":132,"column":2},"end":{"line":132,"column":33}},"55":{"start":{"line":133,"column":2},"end":{"line":133,"column":36}},"56":{"start":{"line":135,"column":2},"end":{"line":141,"column":17}},"57":{"start":{"line":137,"column":6},"end":{"line":137,"column":37}},"58":{"start":{"line":139,"column":6},"end":{"line":139,"column":29}},"59":{"start":{"line":145,"column":0},"end":{"line":162,"column":3}},"60":{"start":{"line":146,"column":2},"end":{"line":146,"column":36}},"61":{"start":{"line":147,"column":2},"end":{"line":147,"column":33}},"62":{"start":{"line":148,"column":2},"end":{"line":148,"column":35}},"63":{"start":{"line":149,"column":2},"end":{"line":153,"column":4}},"64":{"start":{"line":155,"column":2},"end":{"line":161,"column":17}},"65":{"start":{"line":157,"column":6},"end":{"line":157,"column":35}},"66":{"start":{"line":159,"column":6},"end":{"line":159,"column":27}},"67":{"start":{"line":165,"column":0},"end":{"line":176,"column":2}},"68":{"start":{"line":166,"column":2},"end":{"line":166,"column":39}},"69":{"start":{"line":167,"column":2},"end":{"line":167,"column":36}},"70":{"start":{"line":169,"column":2},"end":{"line":175,"column":17}},"71":{"start":{"line":171,"column":6},"end":{"line":171,"column":37}},"72":{"start":{"line":173,"column":6},"end":{"line":173,"column":27}},"73":{"start":{"line":178,"column":0},"end":{"line":178,"column":24}}},"branchMap":{"1":{"line":37,"type":"if","locations":[{"start":{"line":37,"column":4},"end":{"line":37,"column":4}},{"start":{"line":37,"column":4},"end":{"line":37,"column":4}}]},"2":{"line":40,"type":"if","locations":[{"start":{"line":40,"column":4},"end":{"line":40,"column":4}},{"start":{"line":40,"column":4},"end":{"line":40,"column":4}}]},"3":{"line":83,"type":"if","locations":[{"start":{"line":83,"column":4},"end":{"line":83,"column":4}},{"start":{"line":83,"column":4},"end":{"line":83,"column":4}}]},"4":{"line":102,"type":"if","locations":[{"start":{"line":102,"column":6},"end":{"line":102,"column":6}},{"start":{"line":102,"column":6},"end":{"line":102,"column":6}}]},"5":{"line":105,"type":"if","locations":[{"start":{"line":105,"column":6},"end":{"line":105,"column":6}},{"start":{"line":105,"column":6},"end":{"line":105,"column":6}}]}}},"D:\\myblog\\models\\posts.js":{"path":"D:\\myblog\\models\\posts.js","s":{"1":1,"2":1,"3":1,"4":1,"5":1,"6":1,"7":1,"8":1,"9":0,"10":0,"11":0,"12":0,"13":0,"14":1,"15":1,"16":1,"17":1,"18":0,"19":0,"20":0,"21":1,"22":0,"23":0,"24":1,"25":1,"26":0,"27":1,"28":0,"29":0,"30":0,"31":0,"32":0,"33":0},"b":{"1":[0,0],"2":[0,0],"3":[0,1],"4":[0,0],"5":[0,0]},"f":{"1":1,"2":1,"3":1,"4":0,"5":0,"6":1,"7":1,"8":0,"9":0,"10":0,"11":1,"12":0,"13":0,"14":0,"15":0,"16":0},"fnMap":{"1":{"name":"(anonymous_1)","line":14,"loc":{"start":{"line":14,"column":13},"end":{"line":14,"column":30}}},"2":{"name":"(anonymous_2)","line":15,"loc":{"start":{"line":15,"column":33},"end":{"line":15,"column":49}}},"3":{"name":"(anonymous_3)","line":16,"loc":{"start":{"line":16,"column":58},"end":{"line":16,"column":83}}},"4":{"name":"(anonymous_4)","line":22,"loc":{"start":{"line":22,"column":16},"end":{"line":22,"column":32}}},"5":{"name":"(anonymous_5)","line":24,"loc":{"start":{"line":24,"column":58},"end":{"line":24,"column":75}}},"6":{"name":"(anonymous_6)","line":35,"loc":{"start":{"line":35,"column":13},"end":{"line":35,"column":30}}},"7":{"name":"(anonymous_7)","line":36,"loc":{"start":{"line":36,"column":21},"end":{"line":36,"column":37}}},"8":{"name":"(anonymous_8)","line":41,"loc":{"start":{"line":41,"column":16},"end":{"line":41,"column":32}}},"9":{"name":"create","line":51,"loc":{"start":{"line":51,"column":10},"end":{"line":51,"column":32}}},"10":{"name":"getPostById","line":56,"loc":{"start":{"line":56,"column":15},"end":{"line":56,"column":44}}},"11":{"name":"getPosts","line":67,"loc":{"start":{"line":67,"column":12},"end":{"line":67,"column":38}}},"12":{"name":"incPv","line":83,"loc":{"start":{"line":83,"column":9},"end":{"line":83,"column":32}}},"13":{"name":"getRawPostById","line":89,"loc":{"start":{"line":89,"column":18},"end":{"line":89,"column":50}}},"14":{"name":"updatePostById","line":96,"loc":{"start":{"line":96,"column":16},"end":{"line":96,"column":62}}},"15":{"name":"delPostById","line":100,"loc":{"start":{"line":100,"column":13},"end":{"line":100,"column":50}}},"16":{"name":"(anonymous_16)","line":103,"loc":{"start":{"line":103,"column":10},"end":{"line":103,"column":25}}}},"statementMap":{"1":{"start":{"line":8,"column":0},"end":{"line":8,"column":31}},"2":{"start":{"line":9,"column":0},"end":{"line":9,"column":40}},"3":{"start":{"line":10,"column":0},"end":{"line":10,"column":41}},"4":{"start":{"line":13,"column":0},"end":{"line":31,"column":3}},"5":{"start":{"line":15,"column":4},"end":{"line":20,"column":8}},"6":{"start":{"line":16,"column":6},"end":{"line":19,"column":9}},"7":{"start":{"line":17,"column":8},"end":{"line":17,"column":43}},"8":{"start":{"line":18,"column":8},"end":{"line":18,"column":20}},"9":{"start":{"line":23,"column":4},"end":{"line":28,"column":5}},"10":{"start":{"line":24,"column":6},"end":{"line":27,"column":9}},"11":{"start":{"line":25,"column":8},"end":{"line":25,"column":35}},"12":{"start":{"line":26,"column":8},"end":{"line":26,"column":20}},"13":{"start":{"line":29,"column":4},"end":{"line":29,"column":16}},"14":{"start":{"line":34,"column":0},"end":{"line":47,"column":3}},"15":{"start":{"line":36,"column":4},"end":{"line":39,"column":7}},"16":{"start":{"line":37,"column":6},"end":{"line":37,"column":42}},"17":{"start":{"line":38,"column":6},"end":{"line":38,"column":18}},"18":{"start":{"line":42,"column":4},"end":{"line":44,"column":5}},"19":{"start":{"line":43,"column":6},"end":{"line":43,"column":42}},"20":{"start":{"line":45,"column":4},"end":{"line":45,"column":16}},"21":{"start":{"line":49,"column":0},"end":{"line":110,"column":2}},"22":{"start":{"line":52,"column":4},"end":{"line":52,"column":36}},"23":{"start":{"line":57,"column":4},"end":{"line":63,"column":14}},"24":{"start":{"line":68,"column":4},"end":{"line":68,"column":19}},"25":{"start":{"line":69,"column":4},"end":{"line":71,"column":5}},"26":{"start":{"line":70,"column":6},"end":{"line":70,"column":28}},"27":{"start":{"line":72,"column":4},"end":{"line":79,"column":14}},"28":{"start":{"line":84,"column":4},"end":{"line":86,"column":14}},"29":{"start":{"line":90,"column":3},"end":{"line":93,"column":13}},"30":{"start":{"line":97,"column":2},"end":{"line":97,"column":77}},"31":{"start":{"line":101,"column":2},"end":{"line":108,"column":7}},"32":{"start":{"line":105,"column":6},"end":{"line":107,"column":7}},"33":{"start":{"line":106,"column":8},"end":{"line":106,"column":56}}},"branchMap":{"1":{"line":23,"type":"if","locations":[{"start":{"line":23,"column":4},"end":{"line":23,"column":4}},{"start":{"line":23,"column":4},"end":{"line":23,"column":4}}]},"2":{"line":42,"type":"if","locations":[{"start":{"line":42,"column":4},"end":{"line":42,"column":4}},{"start":{"line":42,"column":4},"end":{"line":42,"column":4}}]},"3":{"line":69,"type":"if","locations":[{"start":{"line":69,"column":4},"end":{"line":69,"column":4}},{"start":{"line":69,"column":4},"end":{"line":69,"column":4}}]},"4":{"line":105,"type":"if","locations":[{"start":{"line":105,"column":6},"end":{"line":105,"column":6}},{"start":{"line":105,"column":6},"end":{"line":105,"column":6}}]},"5":{"line":105,"type":"binary-expr","locations":[{"start":{"line":105,"column":10},"end":{"line":105,"column":23}},{"start":{"line":105,"column":27},"end":{"line":105,"column":43}}]}}},"D:\\myblog\\models\\comments.js":{"path":"D:\\myblog\\models\\comments.js","s":{"1":1,"2":1,"3":1,"4":0,"5":0,"6":0,"7":1,"8":0,"9":0,"10":0,"11":0,"12":1},"b":{},"f":{"1":0,"2":0,"3":0,"4":0,"5":0,"6":0,"7":1},"fnMap":{"1":{"name":"(anonymous_1)","line":13,"loc":{"start":{"line":13,"column":13},"end":{"line":13,"column":33}}},"2":{"name":"(anonymous_2)","line":14,"loc":{"start":{"line":14,"column":24},"end":{"line":14,"column":43}}},"3":{"name":"create","line":23,"loc":{"start":{"line":23,"column":10},"end":{"line":23,"column":35}}},"4":{"name":"delCommentById","line":28,"loc":{"start":{"line":28,"column":18},"end":{"line":28,"column":61}}},"5":{"name":"delCommentsByPostId","line":33,"loc":{"start":{"line":33,"column":23},"end":{"line":33,"column":60}}},"6":{"name":"getComments","line":38,"loc":{"start":{"line":38,"column":15},"end":{"line":38,"column":44}}},"7":{"name":"getCommentsCount","line":49,"loc":{"start":{"line":49,"column":20},"end":{"line":49,"column":54}}}},"statementMap":{"1":{"start":{"line":8,"column":0},"end":{"line":8,"column":31}},"2":{"start":{"line":9,"column":0},"end":{"line":9,"column":46}},"3":{"start":{"line":12,"column":0},"end":{"line":19,"column":3}},"4":{"start":{"line":14,"column":4},"end":{"line":17,"column":7}},"5":{"start":{"line":15,"column":6},"end":{"line":15,"column":48}},"6":{"start":{"line":16,"column":6},"end":{"line":16,"column":21}},"7":{"start":{"line":21,"column":0},"end":{"line":52,"column":2}},"8":{"start":{"line":24,"column":4},"end":{"line":24,"column":42}},"9":{"start":{"line":29,"column":4},"end":{"line":29,"column":69}},"10":{"start":{"line":34,"column":4},"end":{"line":34,"column":53}},"11":{"start":{"line":39,"column":4},"end":{"line":45,"column":14}},"12":{"start":{"line":50,"column":4},"end":{"line":50,"column":52}}},"branchMap":{}}}