TN:
SF:D:\myblog\index.js
FN:55,(anonymous_1)
FN:88,(anonymous_2)
FN:99,(anonymous_3)
FNF:3
FNH:1
FNDA:8,(anonymous_1)
FNDA:0,(anonymous_2)
FNDA:0,(anonymous_3)
DA:8,1
DA:9,1
DA:10,1
DA:11,1
DA:12,1
DA:13,1
DA:14,1
DA:15,1
DA:16,1
DA:17,1
DA:19,1
DA:22,1
DA:24,1
DA:27,1
DA:29,1
DA:43,1
DA:45,1
DA:50,1
DA:55,1
DA:56,8
DA:57,8
DA:58,8
DA:59,8
DA:62,1
DA:74,1
DA:76,1
DA:88,1
DA:89,0
DA:95,1
DA:96,1
DA:99,0
DA:100,0
LF:32
LH:29
BRDA:95,1,0,1
BRDA:95,1,1,0
BRF:2
BRH:1
end_of_record
TN:
SF:D:\myblog\config\default.js
FNF:0
FNH:0
DA:8,1
LF:1
LH:1
BRF:0
BRH:0
end_of_record
TN:
SF:D:\myblog\routes\index.js
FN:8,(anonymous_1)
FN:9,(anonymous_2)
FN:17,(anonymous_3)
FNF:3
FNH:2
FNDA:1,(anonymous_1)
FNDA:0,(anonymous_2)
FNDA:7,(anonymous_3)
DA:8,1
DA:9,1
DA:10,0
DA:12,1
DA:13,1
DA:14,1
DA:15,1
DA:17,1
DA:18,7
DA:19,0
LF:10
LH:8
BRDA:18,1,0,0
BRDA:18,1,1,7
BRF:2
BRH:1
end_of_record
TN:
SF:D:\myblog\routes\signup.js
FN:18,(anonymous_1)
FN:23,(anonymous_2)
FN:71,(anonymous_3)
FN:82,(anonymous_4)
FNF:4
FNH:4
FNDA:3,(anonymous_1)
FNDA:4,(anonymous_2)
FNDA:1,(anonymous_3)
FNDA:1,(anonymous_4)
DA:8,1
DA:9,1
DA:10,1
DA:11,1
DA:12,1
DA:14,1
DA:15,1
DA:18,1
DA:19,3
DA:23,1
DA:24,4
DA:25,4
DA:26,4
DA:27,4
DA:28,4
DA:29,4
DA:32,4
DA:33,4
DA:34,1
DA:36,3
DA:37,1
DA:39,2
DA:40,0
DA:42,2
DA:43,0
DA:45,2
DA:46,0
DA:48,2
DA:49,0
DA:53,2
DA:54,2
DA:55,2
DA:59,2
DA:62,2
DA:70,2
DA:73,1
DA:75,1
DA:76,1
DA:78,1
DA:80,1
DA:84,1
DA:86,1
DA:87,1
DA:88,1
DA:90,0
DA:94,1
LF:46
LH:41
BRDA:33,1,0,1
BRDA:33,1,1,3
BRDA:33,2,0,4
BRDA:33,2,1,3
BRDA:36,3,0,1
BRDA:36,3,1,2
BRDA:39,4,0,0
BRDA:39,4,1,2
BRDA:39,5,0,2
BRDA:39,5,1,2
BRDA:42,6,0,0
BRDA:42,6,1,2
BRDA:45,7,0,0
BRDA:45,7,1,2
BRDA:48,8,0,0
BRDA:48,8,1,2
BRDA:86,9,0,1
BRDA:86,9,1,0
BRF:18
BRH:13
end_of_record
TN:
SF:D:\myblog\models\users.js
FN:12,create
FN:16,getUserByName
FNF:2
FNH:1
FNDA:2,create
FNDA:0,getUserByName
DA:8,1
DA:10,1
DA:13,2
DA:17,0
LF:4
LH:3
BRF:0
BRH:0
end_of_record
TN:
SF:D:\myblog\lib\mongo.js
FN:24,(anonymous_1)
FN:25,(anonymous_2)
FN:30,(anonymous_3)
FNF:3
FNH:2
FNDA:1,(anonymous_1)
FNDA:1,(anonymous_2)
FNDA:0,(anonymous_3)
DA:8,1
DA:9,1
DA:10,1
DA:11,1
DA:12,1
DA:13,1
DA:14,1
DA:21,1
DA:23,1
DA:25,1
DA:26,1
DA:28,1
DA:31,0
DA:32,0
DA:34,0
DA:37,1
DA:43,1
DA:44,1
DA:49,1
DA:50,1
LF:20
LH:17
BRDA:31,1,0,0
BRDA:31,1,1,0
BRF:2
BRH:0
end_of_record
TN:
SF:D:\myblog\middlewares\check.js
FN:9,checkLogin
FN:17,checkNotLogin
FNF:2
FNH:1
FNDA:0,checkLogin
FNDA:7,checkNotLogin
DA:8,1
DA:10,0
DA:11,0
DA:12,0
DA:14,0
DA:18,7
DA:19,0
DA:20,0
DA:22,7
LF:9
LH:3
BRDA:10,1,0,0
BRDA:10,1,1,0
BRDA:18,2,0,0
BRDA:18,2,1,7
BRF:4
BRH:1
end_of_record
TN:
SF:D:\myblog\routes\signin.js
FN:16,(anonymous_1)
FN:21,(anonymous_2)
FN:26,(anonymous_3)
FNF:3
FNH:0
FNDA:0,(anonymous_1)
FNDA:0,(anonymous_2)
FNDA:0,(anonymous_3)
DA:8,1
DA:9,1
DA:10,1
DA:12,1
DA:13,1
DA:16,1
DA:17,0
DA:21,1
DA:22,0
DA:23,0
DA:25,0
DA:27,0
DA:28,0
DA:29,0
DA:32,0
DA:33,0
DA:34,0
DA:36,0
DA:38,0
DA:39,0
DA:41,0
DA:46,1
LF:22
LH:8
BRDA:27,1,0,0
BRDA:27,1,1,0
BRDA:32,2,0,0
BRDA:32,2,1,0
BRF:4
BRH:0
end_of_record
TN:
SF:D:\myblog\routes\signout.js
FN:14,(anonymous_1)
FNF:1
FNH:0
FNDA:0,(anonymous_1)
DA:8,1
DA:9,1
DA:11,1
DA:14,1
DA:16,0
DA:17,0
DA:19,0
DA:22,1
LF:8
LH:5
BRF:0
BRH:0
end_of_record
TN:
SF:D:\myblog\routes\posts.js
FN:17,(anonymous_1)
FN:21,(anonymous_2)
FN:30,(anonymous_3)
FN:56,(anonymous_4)
FN:67,(anonymous_5)
FN:72,(anonymous_6)
FN:80,(anonymous_7)
FN:96,(anonymous_8)
FN:101,(anonymous_9)
FN:116,(anonymous_10)
FN:123,(anonymous_11)
FN:131,(anonymous_12)
FN:136,(anonymous_13)
FN:145,(anonymous_14)
FN:156,(anonymous_15)
FN:165,(anonymous_16)
FN:170,(anonymous_17)
FNF:17
FNH:2
FNDA:1,(anonymous_1)
FNDA:1,(anonymous_2)
FNDA:0,(anonymous_3)
FNDA:0,(anonymous_4)
FNDA:0,(anonymous_5)
FNDA:0,(anonymous_6)
FNDA:0,(anonymous_7)
FNDA:0,(anonymous_8)
FNDA:0,(anonymous_9)
FNDA:0,(anonymous_10)
FNDA:0,(anonymous_11)
FNDA:0,(anonymous_12)
FNDA:0,(anonymous_13)
FNDA:0,(anonymous_14)
FNDA:0,(anonymous_15)
FNDA:0,(anonymous_16)
FNDA:0,(anonymous_17)
DA:8,1
DA:9,1
DA:11,1
DA:12,1
DA:13,1
DA:17,1
DA:18,1
DA:20,1
DA:22,1
DA:30,1
DA:31,0
DA:32,0
DA:33,0
DA:36,0
DA:37,0
DA:38,0
DA:40,0
DA:41,0
DA:44,0
DA:45,0
DA:48,0
DA:55,0
DA:58,0
DA:59,0
DA:61,0
DA:67,1
DA:68,0
DA:72,1
DA:73,0
DA:75,0
DA:81,0
DA:82,0
DA:83,0
DA:84,0
DA:87,0
DA:96,1
DA:97,0
DA:98,0
DA:100,0
DA:102,0
DA:103,0
DA:105,0
DA:106,0
DA:108,0
DA:116,1
DA:117,0
DA:118,0
DA:119,0
DA:120,0
DA:122,0
DA:124,0
DA:126,0
DA:131,1
DA:132,0
DA:133,0
DA:135,0
DA:137,0
DA:139,0
DA:145,1
DA:146,0
DA:147,0
DA:148,0
DA:149,0
DA:155,0
DA:157,0
DA:159,0
DA:165,1
DA:166,0
DA:167,0
DA:169,0
DA:171,0
DA:173,0
DA:178,1
LF:73
LH:18
BRDA:37,1,0,0
BRDA:37,1,1,0
BRDA:40,2,0,0
BRDA:40,2,1,0
BRDA:83,3,0,0
BRDA:83,3,1,0
BRDA:102,4,0,0
BRDA:102,4,1,0
BRDA:105,5,0,0
BRDA:105,5,1,0
BRF:10
BRH:0
end_of_record
TN:
SF:D:\myblog\models\posts.js
FN:14,(anonymous_1)
FN:15,(anonymous_2)
FN:16,(anonymous_3)
FN:22,(anonymous_4)
FN:24,(anonymous_5)
FN:35,(anonymous_6)
FN:36,(anonymous_7)
FN:41,(anonymous_8)
FN:51,create
FN:56,getPostById
FN:67,getPosts
FN:83,incPv
FN:89,getRawPostById
FN:96,updatePostById
FN:100,delPostById
FN:103,(anonymous_16)
FNF:16
FNH:6
FNDA:1,(anonymous_1)
FNDA:1,(anonymous_2)
FNDA:1,(anonymous_3)
FNDA:0,(anonymous_4)
FNDA:0,(anonymous_5)
FNDA:1,(anonymous_6)
FNDA:1,(anonymous_7)
FNDA:0,(anonymous_8)
FNDA:0,create
FNDA:0,getPostById
FNDA:1,getPosts
FNDA:0,incPv
FNDA:0,getRawPostById
FNDA:0,updatePostById
FNDA:0,delPostById
FNDA:0,(anonymous_16)
DA:8,1
DA:9,1
DA:10,1
DA:13,1
DA:15,1
DA:16,1
DA:17,1
DA:18,1
DA:23,0
DA:24,0
DA:25,0
DA:26,0
DA:29,0
DA:34,1
DA:36,1
DA:37,1
DA:38,1
DA:42,0
DA:43,0
DA:45,0
DA:49,1
DA:52,0
DA:57,0
DA:68,1
DA:69,1
DA:70,0
DA:72,1
DA:84,0
DA:90,0
DA:97,0
DA:101,0
DA:105,0
DA:106,0
LF:33
LH:16
BRDA:23,1,0,0
BRDA:23,1,1,0
BRDA:42,2,0,0
BRDA:42,2,1,0
BRDA:69,3,0,0
BRDA:69,3,1,1
BRDA:105,4,0,0
BRDA:105,4,1,0
BRDA:105,5,0,0
BRDA:105,5,1,0
BRF:10
BRH:1
end_of_record
TN:
SF:D:\myblog\models\comments.js
FN:13,(anonymous_1)
FN:14,(anonymous_2)
FN:23,create
FN:28,delCommentById
FN:33,delCommentsByPostId
FN:38,getComments
FN:49,getCommentsCount
FNF:7
FNH:1
FNDA:0,(anonymous_1)
FNDA:0,(anonymous_2)
FNDA:0,create
FNDA:0,delCommentById
FNDA:0,delCommentsByPostId
FNDA:0,getComments
FNDA:1,getCommentsCount
DA:8,1
DA:9,1
DA:12,1
DA:14,0
DA:15,0
DA:16,0
DA:21,1
DA:24,0
DA:29,0
DA:34,0
DA:39,0
DA:50,1
LF:12
LH:5
BRF:0
BRH:0
end_of_record
